<?xml version="1.0" encoding="UTF-8"?>
<testsuite xmlns:xsi="http://www.w3.org/2001/XMLSchema-instance" xsi:noNamespaceSchemaLocation="https://maven.apache.org/surefire/maven-surefire-plugin/xsd/surefire-test-report.xsd" name="test.CanvasTest" time="0.224" tests="27" errors="0" skipped="0" failures="0">
  <properties>
    <property name="sun.desktop" value="windows"/>
    <property name="awt.toolkit" value="sun.awt.windows.WToolkit"/>
    <property name="java.specification.version" value="11"/>
    <property name="sun.cpu.isalist" value="amd64"/>
    <property name="sun.jnu.encoding" value="MS950"/>
    <property name="java.class.path" value="C:\Users\ngkah\Documents\Workspaces\EclipseWorkspace\DrawingCanvas\canvas\target\test-classes;C:\Users\ngkah\Documents\Workspaces\EclipseWorkspace\DrawingCanvas\canvas\target\classes;C:\Users\ngkah\.m2\repository\org\junit\jupiter\junit-jupiter-engine\5.2.0\junit-jupiter-engine-5.2.0.jar;C:\Users\ngkah\.m2\repository\org\apiguardian\apiguardian-api\1.0.0\apiguardian-api-1.0.0.jar;C:\Users\ngkah\.m2\repository\org\junit\platform\junit-platform-engine\1.2.0\junit-platform-engine-1.2.0.jar;C:\Users\ngkah\.m2\repository\org\junit\platform\junit-platform-commons\1.2.0\junit-platform-commons-1.2.0.jar;C:\Users\ngkah\.m2\repository\org\opentest4j\opentest4j\1.1.0\opentest4j-1.1.0.jar;C:\Users\ngkah\.m2\repository\org\junit\jupiter\junit-jupiter-api\5.2.0\junit-jupiter-api-5.2.0.jar;C:\Users\ngkah\.m2\repository\org\junit\platform\junit-platform-runner\1.2.0\junit-platform-runner-1.2.0.jar;C:\Users\ngkah\.m2\repository\org\junit\platform\junit-platform-launcher\1.2.0\junit-platform-launcher-1.2.0.jar;C:\Users\ngkah\.m2\repository\org\junit\platform\junit-platform-suite-api\1.2.0\junit-platform-suite-api-1.2.0.jar;C:\Users\ngkah\.m2\repository\junit\junit\4.12\junit-4.12.jar;C:\Users\ngkah\.m2\repository\org\hamcrest\hamcrest-core\1.3\hamcrest-core-1.3.jar;src/test/java/;"/>
    <property name="java.vm.vendor" value="AdoptOpenJDK"/>
    <property name="sun.arch.data.model" value="64"/>
    <property name="user.variant" value=""/>
    <property name="java.vendor.url" value="https://adoptopenjdk.net/"/>
    <property name="user.timezone" value="Asia/Shanghai"/>
    <property name="java.vm.specification.version" value="11"/>
    <property name="os.name" value="Windows 10"/>
    <property name="sun.java.launcher" value="SUN_STANDARD"/>
    <property name="user.country" value="HK"/>
    <property name="sun.boot.library.path" value="C:\Program Files\AdoptOpenJDK\jdk-11.0.10.9-hotspot\bin"/>
    <property name="sun.java.command" value="C:\Users\ngkah\AppData\Local\Temp\surefire11616239267735020134\surefirebooter11430084947789788887.jar C:\Users\ngkah\AppData\Local\Temp\surefire11616239267735020134 2021-02-17T21-36-32_380-jvmRun1 surefire11539565368296081233tmp surefire_010880710424077459230tmp"/>
    <property name="jdk.debug" value="release"/>
    <property name="surefire.test.class.path" value="C:\Users\ngkah\Documents\Workspaces\EclipseWorkspace\DrawingCanvas\canvas\target\test-classes;C:\Users\ngkah\Documents\Workspaces\EclipseWorkspace\DrawingCanvas\canvas\target\classes;C:\Users\ngkah\.m2\repository\org\junit\jupiter\junit-jupiter-engine\5.2.0\junit-jupiter-engine-5.2.0.jar;C:\Users\ngkah\.m2\repository\org\apiguardian\apiguardian-api\1.0.0\apiguardian-api-1.0.0.jar;C:\Users\ngkah\.m2\repository\org\junit\platform\junit-platform-engine\1.2.0\junit-platform-engine-1.2.0.jar;C:\Users\ngkah\.m2\repository\org\junit\platform\junit-platform-commons\1.2.0\junit-platform-commons-1.2.0.jar;C:\Users\ngkah\.m2\repository\org\opentest4j\opentest4j\1.1.0\opentest4j-1.1.0.jar;C:\Users\ngkah\.m2\repository\org\junit\jupiter\junit-jupiter-api\5.2.0\junit-jupiter-api-5.2.0.jar;C:\Users\ngkah\.m2\repository\org\junit\platform\junit-platform-runner\1.2.0\junit-platform-runner-1.2.0.jar;C:\Users\ngkah\.m2\repository\org\junit\platform\junit-platform-launcher\1.2.0\junit-platform-launcher-1.2.0.jar;C:\Users\ngkah\.m2\repository\org\junit\platform\junit-platform-suite-api\1.2.0\junit-platform-suite-api-1.2.0.jar;C:\Users\ngkah\.m2\repository\junit\junit\4.12\junit-4.12.jar;C:\Users\ngkah\.m2\repository\org\hamcrest\hamcrest-core\1.3\hamcrest-core-1.3.jar;src/test/java/;"/>
    <property name="sun.cpu.endian" value="little"/>
    <property name="user.home" value="C:\Users\ngkah"/>
    <property name="user.language" value="zh"/>
    <property name="java.specification.vendor" value="Oracle Corporation"/>
    <property name="java.version.date" value="2021-01-19"/>
    <property name="java.home" value="C:\Program Files\AdoptOpenJDK\jdk-11.0.10.9-hotspot"/>
    <property name="file.separator" value="\"/>
    <property name="basedir" value="C:\Users\ngkah\Documents\Workspaces\EclipseWorkspace\DrawingCanvas\canvas"/>
    <property name="java.vm.compressedOopsMode" value="Zero based"/>
    <property name="line.separator" value="&#10;"/>
    <property name="java.specification.name" value="Java Platform API Specification"/>
    <property name="java.vm.specification.vendor" value="Oracle Corporation"/>
    <property name="java.awt.graphicsenv" value="sun.awt.Win32GraphicsEnvironment"/>
    <property name="surefire.real.class.path" value="C:\Users\ngkah\AppData\Local\Temp\surefire11616239267735020134\surefirebooter11430084947789788887.jar"/>
    <property name="user.script" value=""/>
    <property name="sun.management.compiler" value="HotSpot 64-Bit Tiered Compilers"/>
    <property name="java.runtime.version" value="11.0.10+9"/>
    <property name="user.name" value="ngkah"/>
    <property name="path.separator" value=";"/>
    <property name="os.version" value="10.0"/>
    <property name="java.runtime.name" value="OpenJDK Runtime Environment"/>
    <property name="file.encoding" value="MS950"/>
    <property name="java.vm.name" value="OpenJDK 64-Bit Server VM"/>
    <property name="java.vendor.version" value="AdoptOpenJDK"/>
    <property name="localRepository" value="C:\Users\ngkah\.m2\repository"/>
    <property name="java.vendor.url.bug" value="https://github.com/AdoptOpenJDK/openjdk-support/issues"/>
    <property name="java.io.tmpdir" value="C:\Users\ngkah\AppData\Local\Temp\"/>
    <property name="java.version" value="11.0.10"/>
    <property name="user.dir" value="C:\Users\ngkah\Documents\Workspaces\EclipseWorkspace\DrawingCanvas\canvas"/>
    <property name="os.arch" value="amd64"/>
    <property name="java.vm.specification.name" value="Java Virtual Machine Specification"/>
    <property name="java.awt.printerjob" value="sun.awt.windows.WPrinterJob"/>
    <property name="sun.os.patch.level" value=""/>
    <property name="java.library.path" value="C:\Program Files\AdoptOpenJDK\jdk-11.0.10.9-hotspot\bin;C:\Windows\Sun\Java\bin;C:\Windows\system32;C:\Windows;C:\Program Files\AdoptOpenJDK\jdk-11.0.10.9-hotspot\bin;C:\Windows\system32;C:\Windows;C:\Windows\System32\Wbem;C:\Windows\System32\WindowsPowerShell\v1.0\;C:\Windows\System32\OpenSSH\;C:\Program Files (x86)\NVIDIA Corporation\PhysX\Common;C:\Program Files\NVIDIA Corporation\NVIDIA NvDLISR;k:\Program Files\Git\cmd;C:\Users\ngkah\AppData\Local\Programs\Python\Python39\Scripts\;C:\Users\ngkah\AppData\Local\Programs\Python\Python39\;C:\Users\ngkah\AppData\Local\Microsoft\WindowsApps;C:\Users\ngkah\AppData\Local\Programs\Microsoft VS Code\bin;K:\Program Files\liquibase;C:\Program Files\liquibase;C:\apache-maven-3.6.3\bin;;."/>
    <property name="java.vm.info" value="mixed mode"/>
    <property name="java.vendor" value="AdoptOpenJDK"/>
    <property name="java.vm.version" value="11.0.10+9"/>
    <property name="sun.io.unicode.encoding" value="UnicodeLittle"/>
    <property name="java.class.version" value="55.0"/>
  </properties>
  <testcase name="failCanvasValidationIsValid" classname="test.CanvasTest" time="0.012"/>
  <testcase name="failRectangleValidationIsCreated" classname="test.CanvasTest" time="0.001"/>
  <testcase name="createOneLineAndPaintOnLine" classname="test.CanvasTest" time="0"/>
  <testcase name="createOneRectangleAndPaintOnOuterArea" classname="test.CanvasTest" time="0"/>
  <testcase name="failLineValidationIsValid" classname="test.CanvasTest" time="0.004"/>
  <testcase name="passCreateRectangle" classname="test.CanvasTest" time="0"/>
  <testcase name="successCreateLargeCanvas" classname="test.CanvasTest" time="0.034"/>
  <testcase name="passCanvasValidationIsValid" classname="test.CanvasTest" time="0.001"/>
  <testcase name="passCanvasValidationIsCreated" classname="test.CanvasTest" time="0"/>
  <testcase name="failCanvasValidationIsCreated" classname="test.CanvasTest" time="0.006"/>
  <testcase name="createOneLineAndPaintOnCanvas" classname="test.CanvasTest" time="0"/>
  <testcase name="successCreateCanvas" classname="test.CanvasTest" time="0"/>
  <testcase name="failCanvasValidationIsInCanvas" classname="test.CanvasTest" time="0.051"/>
  <testcase name="passCanvasValidationIsInCanvas" classname="test.CanvasTest" time="0"/>
  <testcase name="passRectangleValidationIsCreated" classname="test.CanvasTest" time="0"/>
  <testcase name="createOneRectangleAndPaintOnInnerArea" classname="test.CanvasTest" time="0"/>
  <testcase name="passCreateCoordinate" classname="test.CanvasTest" time="0"/>
  <testcase name="failCreateLine" classname="test.CanvasTest" time="0.007"/>
  <testcase name="createLinesAndRectangleAndPaintOnDifferentArea" classname="test.CanvasTest" time="0"/>
  <testcase name="failLineValidationIsCreated" classname="test.CanvasTest" time="0.001"/>
  <testcase name="passCreateLine" classname="test.CanvasTest" time="0"/>
  <testcase name="failCreateRectangle" classname="test.CanvasTest" time="0.004"/>
  <testcase name="passLineValidationIsValid" classname="test.CanvasTest" time="0"/>
  <testcase name="loadTest" classname="test.CanvasTest" time="0"/>
  <testcase name="createOneRectangleAndPaintOnRectangle" classname="test.CanvasTest" time="0"/>
  <testcase name="passLineValidationIsValidOutsideCanvas" classname="test.CanvasTest" time="0"/>
  <testcase name="passLineValidationIsCreated" classname="test.CanvasTest" time="0"/>
</testsuite>